<?xml version="1.0" encoding="UTF-8"?>
<!-- Generated by org.testng.reporters.JUnitReportReporter -->
<testsuite hostname="Admin-PC" name="com.rozetka.tests.FirstTest" tests="1" failures="0" timestamp="11 Sep 2015 06:59:29 GMT" time="9.092" errors="0">
  <testcase name="startURL" time="9.092" classname="com.rozetka.tests.FirstTest"/>
</testsuite> <!-- com.rozetka.tests.FirstTest -->
